<?xml version="1.0" encoding="UTF-8"?>
<!-- Generated by org.testng.reporters.JUnitReportReporter -->
<testsuite hostname="SarthakDell" failures="0" tests="3" name="com.tutorialsNinja.TestCases.SearchProductTest" time="12.979" errors="0" timestamp="2024-03-12T21:36:05 EDT" skipped="0">
  <testcase classname="com.tutorialsNinja.TestCases.SearchProductTest" name="verifySearchValidProduct" time="4.139"/>
  <testcase classname="com.tutorialsNinja.TestCases.SearchProductTest" name="verifySearchInvalidProduct" time="6.010"/>
  <testcase classname="com.tutorialsNinja.TestCases.SearchProductTest" name="verifySearchNoProduct" time="2.830"/>
</testsuite> <!-- com.tutorialsNinja.TestCases.SearchProductTest -->
