<?xml version="1.0" encoding="UTF-8"?>
<!-- Generated by org.testng.reporters.JUnitReportReporter -->
<testsuite hostname="SarthakDell" failures="0" tests="2" name="com.tutorialsNinja.TestCases.CompleteCheckoutTest" time="11.836" errors="0" timestamp="2024-06-08T14:16:12 EDT" skipped="0">
  <testcase classname="com.tutorialsNinja.TestCases.CompleteCheckoutTest" name="validatingValidProduct" time="5.058"/>
  <testcase classname="com.tutorialsNinja.TestCases.CompleteCheckoutTest" name="validateCompleteCheckoutWithValidProductPositiveFlow" time="6.778"/>
</testsuite> <!-- com.tutorialsNinja.TestCases.CompleteCheckoutTest -->
