<?xml version="1.0" encoding="UTF-8"?>
<!-- Generated by org.testng.reporters.JUnitReportReporter -->
<testsuite hostname="SarthakDell" failures="0" tests="3" name="com.tutorialsNinja.TestCases.CompleteCheckoutTest" time="18.975" errors="0" timestamp="2024-06-08T14:01:49 EDT" skipped="0">
  <testcase classname="com.tutorialsNinja.TestCases.CompleteCheckoutTest" name="validatingValidProduct" time="4.993"/>
  <testcase classname="com.tutorialsNinja.TestCases.CompleteCheckoutTest" name="validateProductAddedInAddToCartPageWithCertainPrice" time="7.030"/>
  <testcase classname="com.tutorialsNinja.TestCases.CompleteCheckoutTest" name="validateTotalProductsInCartAndClickOnCartButton" time="6.952"/>
</testsuite> <!-- com.tutorialsNinja.TestCases.CompleteCheckoutTest -->
